0 silly argv {
0 silly argv   _: [ 'run' ],
0 silly argv   since: 'master',
0 silly argv   lernaVersion: '3.22.1',
0 silly argv   '$0': 'node_modules/.bin/lerna',
0 silly argv   script: 'test'
0 silly argv }
1 notice cli v3.22.1
2 verbose rootPath /renderws/carltonData/cj2020/code/mono-repo/lerna-tut
3 notice filter changed since "master"
4 silly hasTags
5 verbose hasTags true
6 silly git-describe.sync "v1.1.2-0-g0f3b9b5-dirty" => {"lastTagName":"v1.1.2","lastVersion":"v1.1.2","refCount":"0","sha":"0f3b9b5","isDirty":true}
7 info Looking for changed packages since master
8 silly checking diff packages/common
9 error Error: Command failed: git diff --name-only master -- packages/common
9 error fatal: bad revision 'master'
9 error
9 error
9 error     at makeError (/renderws/carltonData/cj2020/code/mono-repo/lerna-tut/node_modules/execa/index.js:174:9)
9 error     at Function.module.exports.sync (/renderws/carltonData/cj2020/code/mono-repo/lerna-tut/node_modules/execa/index.js:338:15)
9 error     at Object.execSync (/renderws/carltonData/cj2020/code/mono-repo/lerna-tut/node_modules/@lerna/child-process/index.js:26:16)
9 error     at diffSinceIn (/renderws/carltonData/cj2020/code/mono-repo/lerna-tut/node_modules/@lerna/collect-updates/lib/make-diff-predicate.js:63:23)
9 error     at hasDiffSinceThatIsntIgnored (/renderws/carltonData/cj2020/code/mono-repo/lerna-tut/node_modules/@lerna/collect-updates/lib/make-diff-predicate.js:27:18)
9 error     at isCandidate (/renderws/carltonData/cj2020/code/mono-repo/lerna-tut/node_modules/@lerna/collect-updates/collect-updates.js:88:77)
9 error     at /renderws/carltonData/cj2020/code/mono-repo/lerna-tut/node_modules/@lerna/collect-updates/lib/collect-packages.js:11:9
9 error     at Map.forEach (<anonymous>)
9 error     at collectPackages (/renderws/carltonData/cj2020/code/mono-repo/lerna-tut/node_modules/@lerna/collect-updates/lib/collect-packages.js:10:12)
